CLIENT_RANDOM 70F8342D646ACBB71D4E585403AC95E4E133C48DC03B204528E27DAEC1BCA85D 3DC61A21BDEB30590C20F1383D32AA5760AEF189DC0E459681AB1E17FE3856B3C53CFE7FBB473F68C0B28B277EB61CA1
CLIENT_RANDOM D273BDCA0BBC5CFD9C26B00F9CA1C6245D58748D43414700C6CD8C25C04CA986 E4D7BC41F70F5448EE626082E15D48D7436365676B9AD910294A6B9615CC22894867C71970075A071C797DB087C82E94
CLIENT_RANDOM EEF40E146DB9D189F53C9CE265CE9AB464A455789B51844E12CE59D334D3304A B1DA5EE49F3272BF8646363A820A40A1C900319BB78B6F748C6CE3D0E5068912A6B936E42F8C7419D26F6FA68F3843B1
CLIENT_RANDOM 29B4122035FA3AAE0E7C3252C3A1EBA42F4B3020534D831FB50A980E692A64BD E5266374DC79E7860B0F84047C5F97451DFE75B12D4496E3D84C237B5EC2E040A970B6BD40D4CFD53A78472F27D69A40
CLIENT_RANDOM 1D421BC02E0F7736AADE5957B193BF6752844DC7B45999B1F60A3C4D597C22C8 271A20F564DFEBAC82851FCD1632B8C09F37CBD64351E393AEC642086CA7E7E1E1E8CDA65DC25CD823ECD53598F014DC
CLIENT_RANDOM 2DB1C910EDC62C8101ADCD488BEB51CF2ED132C22A23FAD369F028A903258AD2 1A363AC86022DE5D6BCF8906ED06715D888ADD5B8A60FCFC011794838ECE92E46FE4840D1F2D4BDCF2468C15F0A34806
CLIENT_RANDOM 3488DE03B7C1D1EEC48D802D8B1248B378C6ABDDBB55C65427561517A8CC367E 0EF60944AFCA6F4F21A2C2A2409746C0258DBFBFC60516CE6B73DB26D66ED582AFC4BED9F64F9AD6578ECAF3B8D61925
CLIENT_RANDOM C3E9E424EE0AC4F010632C4CDAE7C26EC9067E09AD900893BF52BD8EC018FB1B 08BB11D1917835D420FCC911F85A2F2B36155D907983035CCB417993A0AE76164A1038E3A95172C2272531A64DB7DC9D
CLIENT_RANDOM 6F773AACA447AF10B02B5A8DF7DCA971446F44CE02D4C6634BC97A424DF035B2 989EA8A44AEDF82CC80A6F52BC64EE5AA6C583E1DC952E918FE2F67E9D6012FB143761C262AC7BA021D6EA7C3B38172D
CLIENT_RANDOM BCB78FFC1A3BD316E6E793CE01EC1562431C99D2BD715CBD47F8653811CB5C69 029AC465BD3BBF5418C4F9E6B397FAB3F7A22139CFB58006F28DCA9D6D656B4C542877540BDE67E0105DD5FCD5913F3F
CLIENT_RANDOM D005DF054F860CF8A1CE305446925A9FC20135C8BBFFEDD0E19A13E0681654AF A72BA699D0ADCE0537DA12711B5C6C77E17EA353960DD0CAE3B6A13645BE84BB91FB5E44F73782FCE350CE3017B2F9A4
CLIENT_RANDOM 8D78B387A0017051FB6C66BE1CEA65E8F83C5C369F633F20BEAB81239BDEA37B EC8C5CFA133339C5215006CC9A8DF53A9F084C72FC78F829F50C595FB3B4BC616368CC47A2B2FD5D7E9632A14CFE505A
CLIENT_RANDOM D932DE218092E59FC8B8F066D0EE3CF8228BF09B73A66532B3E48440D3435A99 1D85C86B6FE8C40E8B454BBC637D81448FAC0CF4DD6DE5B8C7EB5A62EF91386AC262C4F7F74243D76618B20A2E9D08F5
CLIENT_RANDOM DC98F1DA42563CE502E456CBE937D9625E55A4CE9B665D4C49E14F746F7D84E8 69B58D8CB85953C7A8335AC96B99ABB3BBD5C23B7E679F2288EA616DBF731E29F0B72E4EA52495C184989D3C6798077B
CLIENT_RANDOM 524750DF5942A941560E23DE0B60AB64988E2652E1639A74E555CB89E655EB6C 1ACC6C6A553EC6955C31955A0C40E0EE51E9FBA079C5D07E919C6D0EF1875BBBFB565AF49F9A2EDB5D4F8E34B37EE6BC
CLIENT_RANDOM 6ED6DB55342C1560ABB182B6E9B5EBDA29BDB5D5C750543A842B31BA6DF5017B 48D630B2841FEEE0137BE6FD379DE1726FD956694231B397DEB95F4ED115AAB14D126AF3D2BAA84C24964FD13DF1DE14
CLIENT_RANDOM CC47BD868267CA0F12DEA68503D61705A582E9C06F238FA906DC32CDFA810688 28C8BB6E8B420B37499B33F1B1D4EAE74C38C843D287917335BACF5058C630824EACDEA53420F45ACC9CEF667712907B
CLIENT_RANDOM CF1AA1217605929477B035FAAD36C33CC4BEB0D9F29DECBD78946042719611A7 BF655B5053141516636F6BD78857E6F983B52B04A6E9EA1D652FBB6AC930BA01C9BA4678E6452B13448145081493833B
CLIENT_RANDOM BE02168F7FE42EF1655CAECEEFE3F9096A3FB0BF65ED0642985D63C455DD0FA3 3C20A2CEF4D4444FF48600271D8B04697F48C025211B0F5B9910181EA49B48A226C98F83F5558C50BB357CFC12BD2CB8
CLIENT_RANDOM 312DDF44E39CF1D2267E88E012E8188C462D6C6C165B0AAD505834C42B1ABACD B2A8395D0E96C34C9702724E894F3EA3680595F9C128E10A175E968A28F9DE169714BB017A72D3A65C9053CF15DC3886
CLIENT_RANDOM 093E863620D9E71B7547F9638611430C32B03E7AE82B370A74B52B4B77747575 5DF52831F5F748A9CBF32550321A1A80CB15E57C9C7095F18073D517C00298687D76C5CC2628A4D4840FC218ABF764E5
CLIENT_RANDOM F5D68BD395787EE39597A94E4EE04947D36778BEBCEAC038014E239EE02DA025 E683DD2F5A5EEC92D3E2F8082201742E5B1644D58CD2A09401115D32687B933844773707BD91337EB82FD3946ADB3D17
CLIENT_RANDOM 25795A19C0746DFD27EB93AF28F926B95D92A2060DB5FC021AF1AEAD8FEFB9E4 E017572964F783B72A5039F080427E4AD8FD88446A1534DA81178189E75A81A0240BB7A8DA5D36C92A28EA67245084F8
CLIENT_RANDOM 5807A18FE38754C60C89D2230CA6735D8C6867A496EAB255A418A6A6E69DE4BC 300E7C3688DBD20C41C17FF8E6545E3428A0B9C4DA09C446671DDA7372F47DE0EF15CD1A1256AC5CAEDDA67A44FE86E9
CLIENT_RANDOM 641F14DC8FF90A8BF849059A0971C0863CEFC3EBD6E6645E72C3F181FABDA8A9 546CD989E4821C9EC9E09C1550F470D8FA5E57FBCBB97C1C46367F5D3D3D69704A2EA99ACCAE046F337E9D1672FF7A71
CLIENT_RANDOM B463F3A0408DE9580717D7BCB58E274F7E2012CAFEFC72FE80DBECB9185B0FC4 81B61B7020337A316BA78CDB9AF851EF49866E41373609DB85692D410D055A119CB577D5DDD6F0A0D7A2B91B60618EE5
CLIENT_RANDOM 2C5FC31E982464081C98A709FAFE1C671DAADA7E7B523D7151BA352913DD9A92 B0EA72BFF1C761A06F5510CC52FDE6D9442FA48DEED35396FEA3E597B37578D3A6ECB84176B5911965FA9A41DAC5763D
CLIENT_RANDOM DB0394355A99354076C6EA25B0CF79C0E1D02EBC9B2E76B93BBD776FC9075667 EBBDE184A0F4A9C4461EC0EF1C52A9C9CB89F0D615C2DFEE2AD76885365C81838698ECB58BC1E36D099CDCFA5E150ADF
CLIENT_RANDOM 1D2B7B7F97EF80EB89E2A340595D3046CA78633FA2A1BA68B35ED2C7ACCF3874 BA14F4E7160616F68400E53701002BCB5EB25D6BA8CB74CC35FC8E8A2DC2430F2436368A68D0F8AABEE681C6EB4A31C9
CLIENT_RANDOM C25DBA0747846D244F1E4399E26F3E507C9839DB8A91138A9302C54902BD3103 053615BED0B04756DD18B1B118CF0ED6EC6395008C14E129DEB57DE8CE43F72150307BCF5BF4E68934C276EC113F8008
CLIENT_RANDOM 72BFB5A2EBB48EE1257F7AFCFE025D371065C93E49D4436CF4856FF2768A972A 4C23DBA004ED23EB0437B31F37983F46D06AD30F940B63997A0D853CE200428FD141FF688D793975254C4471BCD43686
CLIENT_RANDOM 634A17FCACC3F31F268189E94EAA6EA842FAB73C4F2AB2A67A191C9FDF1AE94C DC8225727C151F95836405A41A9D04C87D9013AC47C0AD47BEDCB79ABA9F13A94FEE4AD8A8EDBCFB8D848F4D789DCA43
CLIENT_RANDOM 2D20C513D87678FE5256BAD62C4B9A7137A28636DBDD8F7317EA67680BDC6670 DFE11EF42678BB4640DAC5C40B1745436D04954D8B33119E3557668FB62080838BFAD74FB59CBA522DFE1229443919FA
CLIENT_RANDOM DD4E67658ECFBF81EB631F03956DA06D527E15B0CB8A95FA31C0BDD6794990D2 3E6E393BF0A563626D442C354A0C0396E48353A97E72D37898FE14DA85E8279C02916BF3DD407DF67F5E587DB478CBA3
CLIENT_RANDOM A6FCAA91D7988301B10AABF77583C5A3D52AF9A941173246D02398A9AA7AFF9A 18379D353A7798F65013D8D04D3D33CF8EAA47696D8C9375CC27E1D946E71657EACD68EE39513494FC13D5B8C9E6B441
CLIENT_RANDOM 3B2A8E7401940B12BBE0D923EBE29DCA2A26EB081BA915869DCF29CB606FB8FF 5CC5110AE7295D8626F057D578D9F1890D908B9C9A9FDB50EB88AC3F943E732F7DAD5B633CA381CF79903FB89312464F
CLIENT_RANDOM AE60CD69203B73D4BFCD3002F2DACC869F2455D60F193E3578ADC7AA63144B07 C162362B262A98BF60BD25837A188D9B58A18795A147F5FC0C432C1026123146EAB93219A6FD9E449119DF9CE969E325
CLIENT_RANDOM F1DA58A1866FC6DEB830960BDA80A511D54132FC070810CAA93E7CDFD617C2C8 884FDEDD46BFDBAFCAF672209E93D833D0A1A2474AE4BCAD7F353266D7ED955BA89CE748BDD802790515EE2E7DC9D35D
CLIENT_RANDOM A574631A25CD74C52AE367A9994CCB66287C87B0F05E8981AB7C9EDB60B0F966 38C7E4D04E3CF095B7DD0935664C5BEF15E4811846B93FA86F806AB6FA72D092283EB31E25A77FCA4EAEE3C4948F9522
CLIENT_RANDOM 027007D292E4EE8F4E832EBD087E147A38C5BF641AD3FB8D623DFBCAFAEBC4C5 211621E67154B9BC88CEB8D161B13D7F364E0FAFA604BFFF3859161F1EAFDFF03A796B46E5DC0FF8D9F069D0E3C169EA
CLIENT_RANDOM AC9C9C2DB49608FB71784DE5417C2C27F0F7B25200C1336EC4AA247FF22AE487 5453B89C02794D77D2B3F083DBE82103D0FC1778EA69CB3E9112619D7101E6D8C804731AB2D787122C0A0E35F6936C15
CLIENT_RANDOM F9FAD89D720A13D5418D82ADAB8FC6DB87DFE974C6A889F56C8A8F03942573E0 C81A4AB1FEA93E8A8EDD86E6A67C44351AEDD5DF7422D11EF0595DBEC1B7A36F8CF8F2DEA5CE198DAB6173904AAE3493
CLIENT_RANDOM E27516460883B17A4320698D424A42413A299F984068C1657CDB43041EF86747 3A073FF2B2B9AA240B5D27DB99772129A6C39A8A7570C63829F5272BCC739D436834B2E731878ACF9870F8D6979FC6EA
CLIENT_RANDOM 4FF2E95EA16E5B98994E58115FE6F34FD22F72A03D16666BBB3CC2C5566F9EDE 541BE88E2175957608062DC6B5DF28B87A07968EA8E9A5FC7BC9D5E51ABCC3B50E6718CCE7F2B33D081AAB8296A61403
CLIENT_RANDOM 55255E2BA3D11E3A3C335EF96A34A767061F7E79899DEB3C27AC43069C615802 4DBC5749937A2E20AAA02F41B22213DB168A74F710A4F255F907AD6C2790361EC47886C55DC81E819EDA01250F4C78D1
CLIENT_RANDOM 99BF366C2F4900151B1FBCF018680700DF33908238C5B76A79AA52168F1CD641 258C57206179CFD5F102E82E20199C9CB2DCE151C24BBC29406607B5D5A9E2228DF68FBC4EB6D5ED5CA293AFFB3135DB
CLIENT_RANDOM CF08573C7291E1285CCF762C5AA506B92B8014BF6F02101C65E1A74EEC549B7D 90E3B3FFCFB17801136EFE967EC8412D74F6AA18EC170BD26A56AE01D61F7B30378572B93A5F0A5E05242C72E39C0C8F
CLIENT_RANDOM 5B8D27BE932F79B7DE54BB2232A4F9A8AFA0CF05ECBA7A2CD3095F9BD9D8C6D5 6A5A21B2090A89ABCB3340A6AF26557F7BD2F4E385AF71289F8DDE7E3BB558DDFA1431855B590402302BA8877D50B208
CLIENT_RANDOM 5822221C3D07E411E201A46D0FEBDE944D39225907A246FAEA9CE080E5EC6517 2893C3CDE909BDD1A82907D82A3F4BA81B776D493A283F8865109E3C726CB1E5B4C1234CF04F95347B258119578F8CBE
CLIENT_RANDOM 6E11FBA4ED0CE7977220A8D8375630EB8EF1A6EA0BA457FBE68DC9A83FD14553 AC7A535B73ADC65A5E591578484AC68C26D174643FFE05460F09BD6B85CA950BC97AAA455415D5426069FB1691AE39BF
CLIENT_RANDOM 021F1A679078FB0D2DFD956296782C8AD64F8B16C9811DC4243B0C0C017F6EE3 873FF1069AAB185113EF1DED9A808D59D7673BCF602C56C36A105EF87637E9CB35F13A9971AABC5BB780E523AB007D89
CLIENT_RANDOM 2EB5112B02032135C378732E22E93558C5705DD64DE238AE883C2DB23D65BB89 23FE4B05934B003371F0CCF10D150C82A68507E315860160D3BC1EFED57A9D052CF3FBC3D8276211F55A36A6F35313B5
CLIENT_RANDOM 13CCAE2C7A8ED0F0BC0A718A57D7842F9ABAF5AE6B3547313B0F95DB9ABE139F CBC857FCED2A9D1172E056C916DDF436CEDC32E230D05E22D1A3DC0C61DB6CC00EC4DF7FC2C3BFF381C3A660FD8E665A
CLIENT_RANDOM 8F1FE5D67EBA3EF82BC2481E76C4551C524A73593E5F06D4FE83FA6B354A29F3 6EA664B82D480492F97D4F5F673512F72CA3D0EF6C34FC7A069A41CA9DFD7DEA3A83E0818A5BB2D412D4A6C7748D12E8
CLIENT_RANDOM 81C3989A7DD60C0A2B3190C3E7803DD0A2A5FDCE8BF82CCF21856D07C363774B 75BEC6B1BFCB0C7B81B00D33863D08D2297A7B83CA9698A62FBCDEB837686F9E313A3438EB6DA1C5F4C431EE437DA4DE
CLIENT_RANDOM BBD696D8533765FD84299B76262FBB5484F4352F93BD83D1342037928BC750E2 BEBDD924509499AD90DFDAE3DCB561960A25FE2334FA66A35DC3BEC4F5D64F7D8BAA360393C4AAF25FFF36C1EBA35C2F
CLIENT_RANDOM C8708AF3CE51CC48C9465776E585AA0D57A647AC640DB52CEB2E3E1BB6E7D843 6B239C9010B9B62987C29B7EDFED5E566421793D4DA9649D8503D4F7F2728BB6DAE998BAE829C98B2C97F5496692D991
CLIENT_RANDOM 56CCB3A24FEEAA876E2CE2DF0F736E0D01195AC8933EDCED1C084D65342A7E25 F4FAD6125907B5B419702C096E0E55CEE42954B3D1894CEC1115FFFABC328339531F190929190AF033DA6EF2B95B49EA
CLIENT_RANDOM 398473A18E6742A96E8F84EE555551D8FC0245C9F72BB034612ADB2A04357FE1 78671CF33CBAF326B028E2B0E02A043CEB82484C6A4E4386286F9FA7688ADB61E09C200EEBE3536876F17D9A10998915
CLIENT_RANDOM BB7F4473AAAFC6F3BE38DACF428823E26796202BED6D0AB6E7CA07F0142CB37E E3EC1FE56B17207E65BD2E73C71D7E3970829C5E4782F132A0FA06DC3DA300813A00FE7E90C3AAF064B5B810B3E452D6
CLIENT_RANDOM 3AFECB13C992B569EF1DF15F53E9E07C7899A7D1C8DD8D78CB5DDA7077616811 F8376705427A3A3049E5820F288CDC2D592EB9B87712DB2C26B04A17ADFAE7FF8A04E2D6D8A4718C1FD36A69F00AE504
CLIENT_RANDOM D430284EF41190CAFC97E6D90ED2F0FFE2DA72E3D9C9EFF14A510187F3AEC331 52CA7E5350F5E0F9DB30DD06DA3582950EE8D4568141074336401E9E0C8399257D491D50138860A4629C45ED851D43F9
CLIENT_RANDOM D8522CC6CAA9DAC706A1E264A9B65C616EF8AE6A56D1C1B62FDF9A5B3F47B333 07B02A93D85837C15ECDB535B66514387A7A4B28FC0395FBAC6749882BAE4981916689DE7BEEE428FAC5F6F50EB6CDCD
CLIENT_RANDOM 5A2A8BC835567E53E74F60F05FD6F3D3C3312A66D66CC55E54EA053D555E1A77 D3D734987013B090111771EA32F0807B431BFEA4B84C20F961E03D3151FEA836A3C3826652B69B2376C1C1DFFBEB7E22
CLIENT_RANDOM 85518E9F6C42A3706D42D0B025B5FA254DBA94CF3E12A771972EE64BEC97900B 55ADAA64E1AA4841DAA4997F185595CB07CC61FA45C31D6147D949565C52C9D6FD60A5E50DBFAA753866916611DCEE1A
CLIENT_RANDOM 9A05B0B7E3FBC6091DCBBDF5DA1A6B85C3ADE37A811EB489AAB8BCBA2D0C96C2 5C0B1238092381BF7833BDF15A3DBBE4C3E725FA5666B6A788A0CBF8BCD26297E45BCA18706FB777394D21235EC16E38
CLIENT_RANDOM 93A7DD1DE79DE90F20835ACFF7FC8105D0AA27B89B2C74BD0EC981E5609C0F7A 88778B68CA8807F2BC4D1176FBD19A16755B4EE59FDA37C4E2C7FAE0E6E055AF82295F7EACF70BEB89B7741C2FCE048D
CLIENT_RANDOM 060BBA964357AC481B7BE36B354E67F0E2F8F91BDECB8BA2909B374CB6AD813D 60C15AB5212C1AD39B35E481C8D176A9661905EB905E31CF29FA0077F31B811444D6AAA2258A3103A702CBF359D8628E
CLIENT_RANDOM C29A730B2C765D78A95824B74610FCB2DE5533EB248CD94734FD41E8DCD411FE A5236F242E5CC30FD5B3BB2857FC68B6D6DDBAD5E6A4557A295AA1986BD0D49DB562DD754739E5A8C8DCD9DF1F2C54F9
CLIENT_RANDOM B898E2F96C52E870FF6A4ABCCEFCAFB1B36C954C57362F98603C2CFE9E8834F1 C82EEF8A2E5FE85AEA350DE3D826A11A0ED28693A30AB58C6C8A576F9C7461C830CAB04F61DC691EB2FBA48934F7EF21
CLIENT_RANDOM 697B7BD3E6BC28D6039D47A866DF5F61C2F6D0E3877DBF5A6BC393CAD0FF6DE9 9760839654705239F47793352C2FE1A32591A13415306396D450808AED65725E6904554449FF2CC5709DDD1D535B6792
CLIENT_RANDOM C16960B8ACB49F1D0C24BB8B5B9678E5DA37D3567585A6C5643E2783A02A10A7 6876D80F06F92B59DA90F82918CDCBC878FF196FB7CB442B619CD58670A2D451833A40FE1E5A0BE1C39CB5C258C420FD
CLIENT_RANDOM C9D6F9E037192BDC7C267A9581E787A1BCE62ED8F91283591D0B8A97EEB52A00 B0C7C50F7C68371A640D07C2A7E57B47F95757F3570D403F0B26D319718B4DE4A558C762914A5EA96CDF8D6AB6C335FB
CLIENT_RANDOM C907C0C3BA47BA351AF619F542B34F1083500FD0C21B8AD36708FCF9DA149B4E 8C579E513B1082AB17B08D7D4AC6E63A329A06CD7CAED42E1A27551D8B67AD8393F75F9DB86F17F735D2389242731A49
CLIENT_RANDOM F4BBE9A283791CE7978C449FD66E84CE6FCEE1705D96834F3C20047A09662915 1FDB5454C0AAA4C3D0729C2FDE7E9B42172CEBB7A9031983E0F4398380BC91E92AEC9EA92DCD1DF48AC3F879DCDC1F28
CLIENT_RANDOM 1484BC5CA27B04CBF66A9C6534734666E5662B6C4E952700FB07A3C269FEB290 6DA94743B6BBB826B910F332FE89418A520B4EF00DF5E9D22CAD5D4A30907FAE5545C3ADD34CDF2DE03B3C491C41BC90
CLIENT_RANDOM 8A1725BE698896A9165663BADF455ED51DD8C680A0FD8268EFFE32404AFCBAEE 185DA5D14CE3766172A76106662E363303C2BD6E5AB4930F7B340203A5C2463B3306A4B1A6DF9406AF9DD2BF8DBF6C81
CLIENT_RANDOM 170D2F5FCF8F66A77D9BDFD47C490C090A4689D03799AE41CB82284900926513 165AFE8F315A81B3BFB97B6AB1521A814A2FB0E3751137361964F12A958A6E32D55EB66AD494002552E37D88915B768D
CLIENT_RANDOM D64E3C7CE63C061BDA425D522B94775E577E65DC361B949A60EEA753B9898D7E 90A76272CC5CF2383CC00D090ED78FAE86316B85CC298E4692498F2881D9031A56BBEBA0601A60A9EA45C674D4FE4B92
CLIENT_RANDOM D0DD4157A63934B8D299712D0C508BC0ECDC2BFC6BA26F44F93772E558C42139 1C10EDE3007A0EB04BD40006576DB5B439230B7EFCEF550D71E70C51EE0FD36557C923D8C8412237C32780327FD1862A
CLIENT_RANDOM 6BCF0A2D73DCA400CDA04220C723885D8ADE02B7D2902224C6C26C05A6B85A30 924CB53B0B27A0DA7AAF5DB59A1B23403E8B676B9B7615C70EE3A2D69B43B378FEDFF476EC65A49B5E97708990BA1B4A
CLIENT_RANDOM DD1E92CEB741A9728EE750EA48FD86FB040AC4B8FF42E5D992C2198C35C5537B 86429BDB75878EFC86D91A5A292568FD86E9AC6C60B6B6296C2F17831E19B7D30C3EC3D0B33C7575E72E876B8D5A6B89
CLIENT_RANDOM 672BCD9856E8D49AFD9505B495AD6B3274E2959D3EC97D14AA79AAE2EB9188A8 1F2C09CF167D378937EAF9D322FB70629045FD9FF12EA88DBF965F54DEA0FD0EBB29F50F93C621A245939E298DA7DECC
CLIENT_RANDOM 3391F5B357A5231A7193ECAC347707531709213D08060DB88494D5EDFEE9AC5C 9930A75F1AE43E886727E102E67623A8600070E47065C8575AC1AE2FD672027DFFF7C690E85E21AFA53C7222DC4F1264
CLIENT_RANDOM EF4C1C55D198B1A002F4FD97460884A2E799A38CE09E8631DD2921831009E869 80DC8366BAC14ECC24A00689CCFBEF9FC9127234058B4DA55CBB9733E35397734DAFDA6610C30AA4AFAB59926F164C05
CLIENT_RANDOM 7FFFAE1243A4BFC608C1C692C1A7FA0080AF3FCBDC2C19A5E64110C246A4AB89 74517D5DB9353EA9E5C5933C8BFA6403A0A74483DADA6C61294DA27C04CE1F7962697DFF60A37658FA69381C0AA47E13
CLIENT_RANDOM E9226C52E8A4B53197ED348387D4F0B7429A550FC51B660000796A123C41A8B6 A5068B4B9FF20BE86E36AC16F46D061016FC4C47074EFB78C7D5E49040D920D9BEC9ECBC335B0B5D597602F02790611D
CLIENT_RANDOM 952346C11A79E8AF2CB2F899B45FC43D261FD6C7E511B6EBF67D3DC7C19B0129 2C9D867F1E457FEA759ACE52EA81DBB99B93BC2EFD42420D1C9EB7C0A88A6AEA28E2A3E253C0A5E430F38A6363813606
CLIENT_RANDOM D05A71BF514AEFC6FECF8BF504A66BED703B7B48EE256305C5257668937DF460 ADDC359E9CDED438022F86E5B30DE799DD3527FC027E50F108E22AC56A5E7DA9F4AEEEF5E971CE5F45C3A88EAA956D6B
CLIENT_RANDOM 6F90348FEE347AD05CB2621044196CCC693CE5DF7217DABACF14EE5A1CE0F814 6C9E2A1258EF725D98C4B20F021C31C913433B854AF50421050D50B287682338DAFC1C6CE8CABF4448ABB9FF15DA604F
CLIENT_RANDOM 19EAD556726A5AB673B97D74F91FC7A8626E1228CB5AA1BCFA6D939B2FB8C78A 497D17D039D5DCE1AB4F9452881563D21A411CE3A5F3B680ADAB3C6F7F09FE1A2B4025F13BC6633761ED464CA1023757
CLIENT_RANDOM 31897A7D79CADE99ACB889A579BFE4BEA92383BC3FF6AC715ADD2958F6C97E5C FEA6D226D37977C16A6FD4183F3C0C2FBEDC8F61410E27603BBC15BF64595C29EB6208B2CF5F1F7264AAA0BACE4B397E
CLIENT_RANDOM 23C2EF69FD92730181DB2B77E61D59F17AEBE22FB4359767B7F658A7AD55E20E 8143ABB3B4A409E304723571A01E92809424B5F8CF4445D926E7BA186A6F0B7DB06663805EBD5D7715EB9CD3F3AB0C6E
CLIENT_RANDOM A91C4FE867F4D0402F26A16CD9EE027E09DA6D068F5A930E5BD2DD22A56816B8 67173AA88C7744E8E0D3F3F974E920F22C50912915EFFCBCA6B0D58F0C5029206CA1DFEA6FA85405DC0425A8F3BC6F6D
CLIENT_RANDOM 3B5FB82326FEB8B3ED27AE16088C24307E2136B404FC00B4D8D6FB6A08436A75 19414E08A7EE77DB44339B13F1C069ED4F1D6D34AE959A3EBE8568C9A00EFF96A345A14B8D13FA16A750A516A48A398F
CLIENT_RANDOM 945D9CAF727DF3798FC8A6086D3F0BFCF4E1BF80C98A4B9316AD55179CFEB6FE B3AD82996521AAF37B180276BFC6658B0D4D2A31A0BF08D613BDC93F89433ED780AE46366BA753265AB2150AD1CB43E8
CLIENT_RANDOM 515B60137D197BF0718707742F733DB1EC2F5A924515F28C3136C537AAF3481F 6E3876ED6E64ED0A2F9A5CBCA3C34E2653FD9CF4A9004513E7E56CA9C3742AF01F0180A0225ED2CA4A13F0AED37F7BAA
CLIENT_RANDOM 32E6AE2CFFEB30B35A2C7A774EA3AF38A259836DD662D4041E1D9529BF78DDF8 0545FB09FDBD7C8167F0D0EF5B730D5A653D50A0B1040D5E44A8756017B3D951EB8B1C69397011EDC766867AB09F9A12
CLIENT_RANDOM B11051A97837AEB8CB395379005013EE4D7E984D7802FCAA0F3355F2C24BDC7A 519ECC81D96FDCD69976940C10DD3957F963792E63443FEFDCAA7E7F50559E5AD5E144914D4F281F167D6173037EA4CD
CLIENT_RANDOM 7BB69369153169C8790E26707124BA3D162A5E89394817A73FD5E3C7FAEE9B07 B22B6788B875030AB8CDFD442B2BF2CD01F3E8E9F424961FA0786B0B342FDBAAD5F9886B4153E9820C71F4EC58745462
CLIENT_RANDOM B66D8093531E6F3CA269385F2AD7EA85D95174356F5D8AC2F837D54C71BC3AF6 D161CFC1DB56A1C4DCF05E5A42FF73F3CD21CF175D500836D2563A9180683548D8008B69B2E5E7369A1CE010DE6C5BEF
CLIENT_RANDOM 8C12822A266A4B3D33D9294369B385EE667BCDFC1DC3EB774C90BBE929777448 BF46956BD9F3AF145CADB15BD2FA9AB01E10E6C2497A9A7537EC167A3847F02556089C9BE8DBE2ED4284374810B001DD
CLIENT_RANDOM 1FC1EC460482E6A9CD817DF4EAAF3E9FBC012E3D08B61DCFA094A253FFFCFC78 A15DC3D2B1022033795645AE5873BE95B666594B133BA75F561D4917ABC0ED188A2AB96B8C0D7E620B01E267BF2A7265
CLIENT_RANDOM C03EBD3086F35B9EFCD055FA135370FA70E1C3C14533048F7A73A0B7772C7BCA EF30A0FEFC79DA997A16950774499F1089076CF172817A407F15A3AC6C0052FADA47BC3F8F767345EAF52BB2082C3F34
CLIENT_RANDOM E485A15B2279FAADEC912BA8703C7429F12967ED3A51A620BDD268494E15C78C E97A711CC15F2573CCD255923350166BB82C8FBD2728B917A20C7E57347D3A5BE2C7A99E42673BE04DD6AAB244C6F1A7
CLIENT_RANDOM C669C37271F93E7BF2C7021A46A3126D6AAEC1194AF4A6026B0CB6507825EB8E 5C2C92E5F34E712139E9EAFC7617411EC765A2B2383C66803679669EFCABB0DBB08B09AC11793CF38F0916185151D3FD
CLIENT_RANDOM 38049FD742CCA5543FACC868CFF08FBCD7C5F6D7EC8C1DBF1CF24EB4A2DF7A2D 1BFDA581DF53DBBE816C34CC28530D1F7DDF52E8D5E6226F1514522810BFDF00193E82CD158EE4C2DA0C5E4DFD165B60
CLIENT_RANDOM 87ED2B229D4E6811183B023EFA710518F365D55EA0DB7297B21574A143FE8CC9 ED924BE8E2762C797A213891707A39CE601CB6D1FB0AAF6FC2A4923AF5E17A745EA48DDFA4384645720C334AE6347DF4
CLIENT_RANDOM 15F18937482C63898E65CF7B10227639B613D3209F2B317CA858E5769A6DC33F 2FC01AD5E789BE63EB4C08334CF7A399467AD4A237C3934022C4405CDE475A0D274DB66A73A7E6ABF3DF2D44F0334565
CLIENT_RANDOM AAC63453BB591F6DAA7E84670F4C15BF6A108D86B6FB531EA05A9D0A5878A4DF 9EA23A663890E5D6C27B9E5E0F42547F7C9F362A643B8F405857B583CFF7CFE7AD394BBAC5DC620617328A72E0B5E23A
CLIENT_RANDOM 4F2B67F1F651BA4C8CD6E00BC8EFC52F67BB6D5075297F7E3C3AA8D5B41E38C9 2C65A21F40F92A09ED9D60FBEA74E92E256740236FCEA1D336326C458F49A789DCCDEEFC6CE8894CC85E42F13DFF4E64
CLIENT_RANDOM ABDE3B89A54553A9C0508B3F0BC0A7AF1234CA313EA6393B54AD0D77088BBE91 3C6ED366C19EDAFBDF2B4D98B3C768F8C4D0D8951E03F37BAD570031CDFC9BBF788DD9B3BCEF32E94CF1C0B7BD6C2AF8
CLIENT_RANDOM D336B6CFC331C3582783A877FB8041B940C1824064669E9BBEAC1F5CAB5588CB 46406788C9F55F2400064DB27C160C24D8B9D1109204116AB3BCE3D11C85EB64F8E856C5BE2FC82CA8E1C4ECB0D6FF03
CLIENT_RANDOM D1A3CA31D49670D9376D7F1C792CBA7433307E4E62E3503CBA53865915CF4F34 CBE55593429B70CEAAB8E6B27F7625DAAF73D86B986B1CCBF6EEBF0C897347220770FC5B07187247C947672ACD96CF40
CLIENT_RANDOM E38C7502A7678060E06CCA80ED880C9DA1C39C24B3FBA65E11A19AA5EF14F42A E6C227E24C838EBBFECD2E34C179CAC6C7BF4725F826468A30030F85E82C33622619DACBB6F21A75BE45074E624BF416
CLIENT_RANDOM 5A797D1D53FB1CF91DD7ABC728038EDBD7D3E8E32458B5E74F6F756683CDC3C7 BFE24F6B848D806DB9F8B5C151EAE8A5FB11E0A87B28B00FB643BB7DB6E9E747C5169FFA0BB1436B0C479E451C1D51C7
CLIENT_RANDOM 23EDECCF5CBC2E4B3D8C8D687E81688ECB90077CCB2623F8846641A8B4819561 270B6FD23C02F4FE4C8CBDFDCAB8CD2DCAF134FB0E7867DAC15EB2C4E551E2C954324C7F520B419ACB7E1D5F232EB966
CLIENT_RANDOM 24A5805ADA48036456AE1277511AB5440902ABF33ED8B7C3AD43E55B874BD3C7 0F67CD3D2FB2B6985FB5FB0FB343062CB43A6C1D0D9AB0BC244892538F2AAFCD3ADE0A79F1E036C76338453E774C36FF
CLIENT_RANDOM 459C9C5D343C94B1AB77A7FC6D808A3DB3C3CABC79A1B7747A4D09301FB2B292 85E816F069878333B8F94CCC17454AB14158E5B8BD763D4CB7BB0EF781446F48C42EBFA33C2D7285711B6D9C873B74FD
CLIENT_RANDOM 726AF9E59DAF3BD9A6E31132868EC2D622E16D9B30970947D7F3C2C77DFF5803 DFF8F98A80AD262AC0587ED748DDD8A124839C3637A472E0CF563FB3CDF3A2F8E2035D571E34149F8F54A5434B3BBBE9
CLIENT_RANDOM B48BF5728C90FE21CB356C18B0DAE143BC99F39E4E0EC480FE8818C5BDBA0B5B 8F206BB29953CB99C2257FD2E26182F7B51DBAA5971569E00AE8394423BCE8E659B7621C11D159A8CEB61E92B53DA2C1
CLIENT_RANDOM 0644279A3DFEF855EC81FEC56D4FE4FB0810C0340A4D30F09705A4CC21CC48EC D4B306CD56FF1FF7FAEA7056765980B425D807CDE49F3BA203F0CEF62D499BBEB52815148D8B792B512929D1BC2D8C61
CLIENT_RANDOM 1FACBF612A4681A9B4AD0CA420093D850BB42A6E1220028CA0741B8A35DCC0A1 F1ECA82487CC5E406BC933694D8F8A3727C46943571DCDA13E5B6D1394E0A2B626129F313463B99CC5D2A96859DE4EEA
CLIENT_RANDOM DAE06B8A1B6A27A1E1BC7275B9984B4404E4E35BAD740E38FF6C016F05CC9CBF 591930DB2F62B2BADE1868D001FF06A723F5B7FAABF77364F06240C3EBDE742D49962FB84C845FD13283D0461532CA66
CLIENT_RANDOM 9508D4F39F4A63B7531E34A8CC128280DF7E8AD596F4948AD880BEC53F911E4C 2473E24D553FB4F57A7B32A8CE3B84F4BE6C2C16DB18F91BD8314F5CB903674F7010222E80C5D72E473182F0617817A3
CLIENT_RANDOM 181F5729E851A29F142E05CC1E436F3889A00F3945F398AB2ABDF4939069FBBC DAA427206CA1C742981B7470A972797EB23BDF55071793355F70C5CD6BBDDABBA3A27056DD49F290BCC3FE0458B7394A
CLIENT_RANDOM 35B0D548E7EC1E61B4CCCC2B42249841293773213C469FD9B32942B21825B9A6 1DCE733B769492A662F70081CE3669992338298DDFE83FAA16B29E28282579AFD7457EF4E7CC42D4AC66BC37F61739EA
CLIENT_RANDOM F06A4261A01EC1535F1326C6CCECD0D3584B8A15E6C7797732F3A0AD2EE56510 03469047EE17AEB79CCC66919337F0ABE99F8A1594933D86C99566C1B62F73648ECAC38DE19FE5E04D27622B98D02737
CLIENT_RANDOM 50E2E54C94DA7EF9CCC4F69A78C0769EFDC77951733857BFD0F620E746035575 E51D19DE24986A8C2F073DB57452F7B705170416496F158488C9DD0EA42B7054BAA59B850B2B7A125C9E58E6252FE74E
CLIENT_RANDOM E7D68453EE92C5259866FE4E958459C692E04E7D4BF4AA9B0DD27ED5FD17DE04 C23CB24A092C0B57BBAAF17F0A0290F736009BB3A8AEF2A1A3E4D6E665F9B7AAC800572668AD456A1DA1E6FB34C89688
CLIENT_RANDOM AE53FC4B72CC27A06B147DB59D349102EFEBA82F87D6566285B997BBA9B75C6D 9758C72BB926057ABFA87F5C4F6EC23B56A182A2BC918DD102DE77B4A323304BA366AEEC7425BEBA2F429F19F7D1AEC9
CLIENT_RANDOM 07E5AC503E29F9356B6DD5B5023C10DE8FF62019E03AFAA448215331D1C0A787 0CC6DA254F3962A6A754709D031B11EF6D121FEE5BB58EBB3F7CDB3FB6AAD1DE6D5CC3FAC02CB401532A85450781CB12
CLIENT_RANDOM 5DB294952315FD4EB98163E0CC9ED8A59C907A808F5305BA613269A270D44375 2647ADD361F2F32134FD8920FB709C40C7F22FDB0F28EF31E0293AB5C0E0A9C19A4E46F5CB33847A4E170131A2FFA7D6
CLIENT_RANDOM 4F10A5B99D66BB7D6DFA2617E3B9A9FC4605BECEBEEEBEB39F25551312A782C5 691B132A0CE45D538CDE72E38B316A89B33E7EDF2F58ABC7AEFCC43CFAE6A3BEEBFAA1C6E171FDEA486888AB0092EAFA
CLIENT_RANDOM FB51BEED03160D6DB3EF414320A1E783B8E6047B82E0F14615006EFCACFB9957 54D3F1E47E446603D5C7FDEB6CA931008E5EB585CA00EE03D5D915589C7870E824EE85DB1E37E9BDFA1B8E6414087B69
CLIENT_RANDOM 020FE6CDC1661DFC987942FF716E321A7FB7541459877F848700F0CBAC20ACE1 1FB564F11B2F44ADB550931C61B7AA63B8619E725B8634B2A88CF9B0F71DE3CA05DD2FB1A1D48F032089069BA3F310E5
CLIENT_RANDOM 6E37F5924537766E451D5A9BC4743008DEA269EED23CCB5A582225E54E350C29 BF389E7BEAD43433A2FD24A1A68EAF5A53011CE4D1BE828203BA42CD2D1ECAACAB62FA8D1D85D17D612CCA057891CFC6
CLIENT_RANDOM 0225563526EA3F86D4E8189C59F917809EFC4770A70BF4FC48EAA017DC9BD354 277CD561B3693079A3BB43D3727F06B2E873F0192CC17731728ED685478FD9FE3D71EDF4BAB59C6567AB7AC1B02B8E83
CLIENT_RANDOM 54907DB02550DA6514A52E016EF95461FAB589C5CD9BAA7A179EBF50624EA10D 7DB5B3D38C50A0FD0BBE7DC3677A3C4364DFAA40D795E6A231F81E940D68AB46C5D75E8CC747F763DBA0F6301D2486C0
CLIENT_RANDOM 9E08989B0494A43BEEA4323EF860029F54939EF03A4F3D43995C12C3B3B2AECD 0B3E1EE0C374442A33C4011A61720388C001713C594BBE42F9D010B1DC6C00E05DB18E39848F1E95E959487F24A8E493
CLIENT_RANDOM 487CA38261BCB4F7D5FC0858707BBC9AE09ED771974B1BAAD0E53EAC02AB3896 0FB760DEF8127A6D53A9C844D2503519A23204D2EBDA73C589324F9DFD3862B8E20FF2B1F6BC5C079EEC94AFF72C5E04
CLIENT_RANDOM 018E442FFB9FAC1F5A11DA0790809B146A0FCC9C36C48D66FC619CA47A0DEB77 9EE517FEB6F25BB162D6CF1A221D7DD513C7E0ACBA60C8E6FC07BA800967EA8E783DE4F8F3A2F9D44AB68A772AD22483
CLIENT_RANDOM 2967EFEA46A4E2B85E37AFF0227EF75A1F2E335DEA27EBFB4D140867101BAA95 4A936996E5FFB76FE97D4D67BC81372DBC77CEC8F0820C694F21DD74A57DA8D3808B1FF6CEB21121743EA57930300510
CLIENT_RANDOM F42F81105423099C81DEEF1A8009221DFC9C394CAA4E5B494CE5F93191ADF202 864A0AD9F80612E560C0342EF436E16666C0CAF3F956DDBE84380C003815BC3C7F7B02C67E9672FC280585CC99EC5F47
CLIENT_RANDOM 80A3899A462937E55C268719C0059CBDF8D3397FA069483F299CECF920C35583 D9AC64BEA73648DF83BABB50D7522EEC6BF9F90BD016FE2BECFB99A4E0865D318CEAC0A3D885CB5A416C5A87022AD41F
CLIENT_RANDOM 1C9CF24DB8EEB79B495F811343D92A7D8D133A615084F34D4774ECFFA99F6EDF D12D960B931CAF2E7831C6DD3814A4728795AAED01DBE668CF979AEC9991AACEE888B4898CE6069B787F3025F06C383D
CLIENT_RANDOM E5018CDE0E89E6B6AF3BF5B599ADEE6CFD72A9503DE3980CDECB69341BB90D38 6D3B4D648D6511280AF42F3CCE2B8AF910BECAFBD2B9981AFDEED030E005E5148198E9877004125CBE01CF549D753622
CLIENT_RANDOM 27107E2E7992E50B3B758EDD35D59955685DC42D992C46A9AD7A36FFCC36193F 11813A22CD3D827C111E61786142CEC89F8DC7BCD17E0C02E324FF5930DE421028B1885340049B05041D5351C02BC4E9
CLIENT_RANDOM F64F77E848A8FBC1BD5421766B3D1D76706682FC27FBBA69E571162CA26B6A2B 4F1CF6F9CA46693B4420C225768E022391B04163FD2B6064D3DDD02E8948A5969B3D366FC64B3CE9DE10DFC7807C6E11
CLIENT_RANDOM 9B838B07A34B107A3060D935FA384B79D837063BB4650B36C20148BF048D92BA 5D0D837D77AFE1925601CB9AFAD3FAF8B2C4E25E601ECBFCD1F401A1AF34C6CE3B776AEB68A9590BAA108B621DA5B0B0
CLIENT_RANDOM 4A01C17C8526CFA9B11FF81F6FDD600105D6437D64A61D147EC398A9743C5686 1BDC5ED08D9E9023C730F38EADCFBDB2E299F3B1FDFAA18804BF671174BFEF8108D4CB3622F23DEE5B5DFB3860062756
CLIENT_RANDOM 84196A50E55C4F419D365A1916E89388B2A7D07418749451D9817B7D397B7238 1FBE55A93D8664795A0E8E03127C2DB9A618679A830A3D1537063DB61BE581B7121D4C42F67CD469BF341C24197AD361
CLIENT_RANDOM CEA2B5B746B567E11DFD867977378A815E89D7948D13D30F9946CD064AC096E4 C6C63E9E8E9854C56742586F9AEAF6780E4C4EEC0C2EC7ED2D2644E9FFE728DA145D82607590A68D14B637FD03A049DF
CLIENT_RANDOM 0572F47B0361FE77B526A23AE3D7D9B8BA2DFE5E18FE4C5A4B71EDDFD8469EED B7EE11F2315BBC8757B8362F2CBDB1D8A3AD7797FB3F2E3B05C590E1F1E64099486D15EAC819210D68FAB5F03A10D6EB
CLIENT_RANDOM 44CDA39219ED31AF2018F8B45E56BB30BA387D5CBF0E8D4869A72D8C39E51C72 C7C81E88EDB4B90E3A8880D5D43799B703B0DF272E914B6AF686525A2F9B59BBB84C5B197F876974AEC836CCC8078A7A
CLIENT_RANDOM 261B2428EBE28464E6817437BCAEE4DEED1CE9965EF4A6E06ED36A34495F4DEF 399B9CB96419E0663DFCB0990D2796E30932C1BA314A1A5BBC4D7CFF2B5279168345A9D138F2726081A32EDB34C09A11
CLIENT_RANDOM 5D222F51E38A901FA2C015325419AA6A513D8B1872ABD968B5CF589484DAC025 7F90F95AE2E6588426CE7282CD088D75BF58A25D3180BC2D72DD2C115CA4B8640FF533FF64710D9DC688D2F8ED46E84F
CLIENT_RANDOM 013FFA86FE06ED633F6247B847AAC218018441490FBC917F35D476463BD5AB5F 7FF229BEE85F17322D2132882FFD59B5C5CCEB4E6CB2C4C2840189BAB835D0E8759561A1885EB9A1219763055ACF0B31
CLIENT_RANDOM 7C0AA244AFD17CEA13CEFAD85EAA6F907D02E6A86F35419C9481150376435166 04C11E29AAE6EE4347DF1A8CCCB1825B2C0091BAE5698590B32472008C167D6A84B1BFD93F133FCEAD40A0F8AE1859CA
CLIENT_RANDOM 1107B323F59E5784C7FECC94199248296578D73E842659B6D4EF19A5F5FED58C 0D4BE1E9CDA84764D041DB5F1562BC7B139F4040134ABFBF3F2CF27E0781941AD4248BF925C30929123F136B88680F6C
CLIENT_RANDOM D1DB4196D8830E5026626424CD72F1D7BF216749CE6DED06E9F3E2109D0D9A8B D22929BF21BDF6C28DD28E2F5E9C530BC4D3297FBCFE0B969244333FCAB95715A36904F4E0C9597145F9187A17D450C6
CLIENT_RANDOM 1F67B1892E372A8DC449F603A891A1A947451497E9CE2B41D68EBFD366837F35 5C2AA6455B902B1123834621D7210B6FC5E6C37D6473A16F7EF683BF932D94F58EACA218B116C7F8A875EB2387DF67A6
CLIENT_RANDOM 4661ACACE08B389A4F119B72105AC72419438E3F62FFED5E71D997487300B01C 0439BAAECB71DB3107E29E89D384810D6ABB94B1C496E1F010B7FA61C8C6B5A013C7BD8AEE706DD2E100E47B2F791328
CLIENT_RANDOM B836E4EA9F01F24ED3839C63700D1A758CDCA8DD85D7BFAAF6FB3F3C9FFDAEA6 C9E7A861E9806B36D3E69010B660508F979F15C7E99A32B9918D20A098CE30E8DD9A2C65E426A02DEA8E7A1B8D7F1DCF
CLIENT_RANDOM C6909F27D70F5C4B46E59D11EBA8C59BA6C9736BD9F6FDAE805A817D3CA02DE8 B4B339524803547A261BB5757E200163E854C2F9057096CE8F86D18753C351D4A276BB3C032975742892DC7000C6A0D9
CLIENT_RANDOM BD3A2E0984494B27DAC7187D7565A4521A0C2D3CEB19A8183D7303E23E78F8A7 17587EE324F0CAC78D70BF14ED2E296F09F5B6B23C86C22F18E88C2A54092E00E0128BD2413CBE20B9F912F481F6D233
CLIENT_RANDOM 20C392BD3F4BB4F4CFCBDAD6192D48D165D62B403D4F977534FCFBDED6DC8C04 99F3A0F26E1EADCB7D4BF9C100A02F55ECF182E7B2E857CC8FF631E4EE4345EE7E986E8F4985FAF2E2AD667FBED92EB3
CLIENT_RANDOM 59216ADA097ED42B41A7C4BFF1EFD740A3F890DB4E5F3BE441318ABA3A098C34 EC0547F46B1142DD022D4823785DA7C37A57DD4988336C8055E8D1E7241D2F67757DC3833ECA006C3673591345D5EE11
CLIENT_RANDOM 7119C5D7F4A97F31C7646BAFB64E5DEFED0D730B1669ECDE510914003E656576 7DBF697A966EE7388F153AACFC47854F391E03ABD35AE5070659DEF6D6E8457BD55DC30139E0B035D2F55CBBFF4EC42A
CLIENT_RANDOM 90F3D66A28FA3FD78488547809EDFBFF93EA3472CD3351070368E98D955AB0F6 0FEE12AE2C4B33EBCA2FFE57D51140AE7E61DDAFC1429A72511E5231E0B353F27B3DB3334F5C6FEE713C334A904D4D77
CLIENT_RANDOM BD7F735855FAAE1DCA1C9821A8DF418E941BCC2698EDA9FF616C7A6CA6845596 68054AC8187337BB278B0B5167C2D70245C34502E99E44BC7DC88A9F66F9A6C28CBF6E700A99071CBB32B706BCD5A544
CLIENT_RANDOM 642294E7D675CA1E1B25F8484A0F79DE5E7E726BA1DCA6FF4DE6346B542730D8 B2C9E216B484CEFD80ACD5133B914E86D1C263451B2F39FF7847CB3CFCCD3888F6A30C8D009DF50E2D784168A35980BC
CLIENT_RANDOM 38BBA5D2B1BE27933C5905C7C9D511EB663949A5188D58759CD02EF1FF44BDAC A6CEEA4CD969822E6EE1DAF3D886558A0056B2B2911389984439D3E26C4FA107092A111DAFAC70A88E45413C32B1A02B
CLIENT_RANDOM DEE8B0ED2685420795CBEB8B2DBBF4B58424BB47C39ABB7E552A7D767F9185D6 7C2FC6C4AC80AD7D80BA067859347B5B93682683FC9ACD19AFBFD89299D904E9B9E67B5DB5056846446AF27391E868CD
CLIENT_RANDOM 433FDD17A1AB0D97AAEE6B712AD9F5B9B2C13E6D8229E21DC88A792AAAAE632A 20B3F3D666731E4D807EF29144CAE5A10302F2FBE7397747EAF16E3F03E6DBD47FD90FEFA6BB74ACF1C5FADB8D4D6F88
CLIENT_RANDOM 1B4DD0F0CF6DDECCD93BC22CD965B9BB45C85472B4EB8AE957837824CA33EAAA 1D0AE51E495C326735F1B0DF3244A005B03B7918066B3E49B90AB4D29A4B596A91581220FF7CCF6CE000CBCD1462A1CC
CLIENT_RANDOM 53E663938D5D77B96E69664C3C4A1F1E7AB07EF398EC272116A196D0DE118D57 75224E5198385CD272F73E71F8CE6692A0F797B38EC8E9E92A69A2B63685986E608B81271699FBC6605EA120E2E6DBFA
CLIENT_RANDOM 95A3DE0B881FF19702072832A1467941AE9842DD604938CC80C1200A54EF24C7 8B863AC9CAC3E8C4BB6B3C8E5BDB0E7355C093F952BC3304BF84272707BC5AA3674D04DB1BC6F1F3F35B7340EF43CCF6
CLIENT_RANDOM 33925C1575AC758903F9F155141075C987A429B669DFDF5C8B8DD5EB9B219763 BD5B3DD2F37A72E0B057C9A009BE41B5D076C8AD610D98E1D947F696DF84CAF60F5018E18FB47BBB3490DD803466BE44
CLIENT_RANDOM 1302AEE83644E7053E7C44B8FD762EBA6F5C706ADE7A45A369645DA210DB2A6D 7116D932E1C3CD33B9DE63B745A2ABE9EF633D2DF854050718C34F3A1B66D2579E38589F3DD9575070F0CBD7487C1515
CLIENT_RANDOM A3AF47CD3602EACE6BC8F957E5125B067BBAF9E7C534B8A02CDFC745211B2156 EED1749DFCB0449D26E3126289CEE1DE9C987CC17F800D3DB60E52A045F5EBF92693B3FA3AC7C0039DEB2C7EA9BC56F4
CLIENT_RANDOM 88B96B241FCA000520E9F005D57B5E1A191DAFFF4B9FEFB1A70B25D44DE38ECF E09E4038D1967410E9D45ECDC66E82F3F41D6A1A3860E9B10C5FE1656177AA40550BC8A65B0EEB36E20C07928E403355
CLIENT_RANDOM 4B91E65953AC416501DFFBF00DC902C6903DB51E61880EAE1BF6419D8858791F C74A15DB24A226217AC35963A0B1E97BED623FC4E22142C999B9C91397098E8D5CED281BA451568375556C22B9DB757C
CLIENT_RANDOM E0730428EE3377DDB9F3D18CAFB701126581CEFA401011746755BEE3536696A9 C89C5FD8BE698CAA0B5B67343CEA3636947BA72781F49D4345D67FE13DA6B9404756F8434960C31C00A2514AD676F6B6
CLIENT_RANDOM 8AE486AF8713B6D91E4B394E739EE7D12E589151712FFDA16A3AF812210FF3E9 918FB4AAE9B89F1BD8BD41D2021F0811EB2C8A38EF1A3762CFFEA9B008C7995C353695F417E1308DB0FCCC5F45EC4848
CLIENT_RANDOM 0DA81CEE0EE9BD04A0B37D550779773C69762DB23ED3AA41459FAFB28C4DBB2A 6075955C3FE11C001F06A5B9DAD37041C50EC99DBDFA9F748E6597F1792D86577401A653EF4519C7C7AF4D8A2836501D
CLIENT_RANDOM 6D65A4AA86F1EA2CD4CD8282BEE0A9AA993FE11059D770776701EBC7045BFCC8 A8228E05934ABEE54B7B3697B97B2DE912535514DB7CBC30374120AC7735D7264EDDDB2733A022BAA8A276924E098CE9
CLIENT_RANDOM 7A2BFE2A96D0912CF3F9408ACA55954D1D775CB87075310D1CAF5B8F7DFD8288 187335850619C43E5E163EE47D6946623FBFB6A606212AB0156E7B6D3117521E08BBA9C145BAA88A896DB6C1EFAA4410
CLIENT_RANDOM CA3794C517A9E327B2BD646191ABEC0D9C8EA04401B493EE8D94731BD6631E08 190743EBFB79CB1C9CECB24AA9C3ADBBBD898B2B2F30B76084245B0380649C5B6BC465A1E04D5BB680F8C8BB5E244731
CLIENT_RANDOM 07372E2C2B49AD03432FBD111D89DD734C82FDDA25FB22D2DC4098E8D3FA4B73 E7F179CE8D5C1A8D5F9A5C94C37BDBD99A273B2258C1E78A282EEBEC42A72ECAF19FEC21B0A09CE93F2377138AC38695
CLIENT_RANDOM 57D3ABBCB56FF5FFF55A1B44A0C99593879A5702C2B8E238C09B86D62B8EAB7B DD0F0E4F7FC50C558E1B5EE5773BA57F5BDE5E827C4D81A8F8BAA42B84180CAF99E708109783ED59BDA704C0E61A8D99
CLIENT_RANDOM 89190D0106ED89555A18DF0FB89039AED6282F09F288932B129B60477081597E 245DFF39BCC9761E22EC1F71E12631F76E62AEE16F2EA901DEBC853B8BC31ADCE5BCC78ABF8B95872E7697E99AA2F1EF
CLIENT_RANDOM AF7FB44B06D02175A7A79CBC00D417B855632B0355CF4424DED3079FD7D4D0F2 3991919633CDFC0133901F474AD7FD93BD94B0DF17F8A5B8B704084BD496C76BFFF434833928DB2CA1D9D1C0B7560B84
CLIENT_RANDOM 96C9C114E0632BDADA70841460317C22FBFE620AF54F4FCF0F63F8C928F97CF9 B9758AF392660D44384D63B348386AF2E87178A44816CFD3DD2754A9CA6C470E9FC3763D5D88C87B9CF0A8C84152FEB0
CLIENT_RANDOM 36375525473B7E4FDE40F35FB559B6B09505E939445036ABDBA3E610DB1F5AF8 F06738FD6627B9E810C8467DF7951BFB80CD407DB7E842569528E73140B44002D3526C2167DE260C0D55C8D78FD229C5
CLIENT_RANDOM BBBED29820472A46A56BA8AA2C11CEACA846C0F7A5F0B08E4990C919EDD835E0 9061AFBFBAAA9CEB6522A75D50855AAD92CA4942BFCBE9FC0D54D39D360533C1E981561BE7106B0DE05CC557AE0D35EC
CLIENT_RANDOM F822A0CA5E2E32510DD8F0017B4AE195DC9A18E6295FC9EF54DF7C93591AE9F0 54AF58612A7B0C04A37A3BD19537085557437263BE6CD54789DEFBF5343FEE91F541A71B63DC54CA4C4B50DE369E87A9
CLIENT_RANDOM 4BADD2BC4C2B9737490E1893527D84B3AA58CF9B1CF5A15265471C5E3EE4DC47 571365E4BB385F7030B14F23F972656E7A5413FB62A962FEF492DE3A61741554DC8E37408C2E1965153CBE9DD1009C9A
CLIENT_RANDOM 7A54D471E4EB90A40D836AAB8CCF318E7219C38CA05943990AAC3EE787FEC022 5AA5C2816D1FD11644A2E2522BF1DD08C263C21605C702FAB59296E900CB91DEA4FE2B7935433FCCB6C7A834FB49E690
CLIENT_RANDOM 288AC95BF79572D509F219DE19D737B0B477A4D35A13922B931D36083BA12B09 51F23D3E3D086EEB165D6C80AE3EA8E577B79D304B0F5B8E8C12B0FE11C4BF1476A2361FA29DDE7F1F9F43E944D9575D
CLIENT_RANDOM 01FDB14599CAA49817F48CCE081D06E75BFBD322BCF6BE1ADDADD2B2C1D4DE89 519419ACAB1A82E9B04579A1F03E729B073F124894867F0565B4F0904579FF34293EF6049951F78FB7A9BE6BBAEE8A27
CLIENT_RANDOM 0EEDC820FA6845C3ED86AFCDB9C3E1EA3BFD068C41FB4BB22D1CAB78ABC12BF2 B557B3CB4849253BCE22E43167BBF6D32C166DA27BDB4F6EC582B34A868CAEA51C7C74A42E70DE5935BC9FC7F54C9929
CLIENT_RANDOM F40F87846F55E041C12B2C7D92BA881E042A8B4411966E86513C676980F52251 2509535B78A675AD2B5DAA9D75E95064D6986D66A11E2E1F6C89149C32C56528C57F328F7B6F5D8C6392EC7AB0DFACD5
CLIENT_RANDOM 3B4338A47B0DDDC68A58DDDDAC3F4DF4B6D92964618BC4DE2CA36425D9DC007A CD41482F440F68EFA43774E934058BDBF341DF2D8A1712B03A96443460B095057F6E22EECB51CB20574E8A8CFDC65CCA
CLIENT_RANDOM 78C93863B7820B917211C386BED10000D4A106ED36A20E8064CFD6BA3CA62A6B 1F29F07C354E576446D92A04BA743811D4CA2CFA753DDA28356EE879AEFAD92B789819B35744B98B663A5FCEB899A02C
CLIENT_RANDOM 960AF8D79ADAA89BD4479A133542907C0B91A6D30C704A37AD9C943381B824B8 86CCB3A9E5F6CC0E66B5CA02937B75A52D8E071FB452A1A3BE16711BF8E2392E013955DFA665BED004D0BF942DD9A899
CLIENT_RANDOM EDC241CB6E92E306D6B2DBE8F6A8C075CE574A848F29488B49E2DF5FC3863948 82B05FAC35D5946462D69CA8D99D5310E316D154128DA570C283176F823860B8833CF9CEA63DAA06267A39C3C52A3FE0
CLIENT_RANDOM 8EFAEC89492E1AE230ACF333274661A69988F3B2D875209ACA53A0BF35D44E56 36AADFA99D5F075286D420F41D1890DB288887798EC5D023EFB8264B3ECB637006045988ADB904591AAF12DCB2FBBE7A
CLIENT_RANDOM B863D0E3855972F0DE15A4E10B3FD4AB209D0260473E19EF4883A28901A3FCA2 39EBD43ADA77F18B892B30DB3F298F26AA44FEA190C47690F2D1CA318D2CF30A06E40997337BC91021B303BECBEB2C95
CLIENT_RANDOM FF4F6FA299ABCC7045BB902DB0D31C886489BC06D2030042E15A95734A01AA3E C23CF2DD92A47080D791349E8422C6A297CFDFB3C38B226DEEE8CF31886A25A327A3D73FEF0BD3D296CBEB5773EDACC4
CLIENT_RANDOM 3B1D1FFFD4E3A6A9C8C619984B0B880B5EEB20E1795AE7C1BF361A5CF94F35B5 07166C6C384CE5BBD438DA480491C02DFFD04FD092E29DF48C7C25ECA92DAB83E0D43DEDE5558E24C90AB3E63FE743E7
CLIENT_RANDOM AE9EDC187E052DC263748BCE5FB483EE9F3A0AB3737D239EE84EC177AA7C2D94 6F59C5D01969B6962ECA5194B58DB3CE372E8451EFE7C1527155261E3B90C1426B677DBC74594614CD3BAB0A934A7F0F
CLIENT_RANDOM A4467684D302A31B36FB7C60DFD49ED836F55E148E853FCBDB09A37E7880726D 95D87785172F4B98E12463FC352CA62B14F3E9BBAE60A9D6C0088EA06294780C4FC89A8D971F101CA419616F8C43B061
CLIENT_RANDOM D6536399B624385F359131E956D6B33163C746BF06EB0AF0B7877192F31B021C FE150EB28E46BF518D0E392871C1F38F4B106ECBE9A281348E954B06227C07993B6F207A8599BE3F44D0FC8F946FE7FD
CLIENT_RANDOM 5CDA8335BD29CA9AE746DED08C9D9D63CC37ADD61DFE26C4DF2D42630D837588 A99C81C73611AA7A71CEB509494E218A56B7C0707E8962D3B1B6D44D4017CDD120251BED709EEF7F3AB28C7065BC83B9
CLIENT_RANDOM 7510058BDAF623EA0290268E9DEC46E9E08DDAB5363C7D8A9498BB66967C9359 8219D65EEF7B8C52080A8B392E83CD04BF7DB66B5A649A3FA1C65A04DFBD2A11857C1A394DFBC868CD970011959EE53C
CLIENT_RANDOM 684CDDF64AAE827F01CC7AFE7BA7A662AF34188B87867B4FDFD5A6CAA808A265 788A99D549D59A8E07F684AE494423B60678F9414A676255C7823166D0E3274B7A2118605A4ABC352280D3CC4D99C807
CLIENT_RANDOM D315B7C8BBF8F3BB95DA48E7D841F491B7370465A98500F5CA85F9413981B0D3 C52399A5D82C3A4B38808DCE811E6885FB20287D7FD170546C274A4346A5BA60BD8669CB026ACCA3CA9AAD0F01978B85
CLIENT_RANDOM 7FEF3CEA0A5335D689F8D622BEC5B7223F1B01BDC8FEF932F7AF93107ABC3FD6 8418661DCDC1990C8E930CD5DDC6F1B682295EB6EE18DBFB7928CDA5EF486C24E6B5DF9B68882B903ADC0633C40233C8
CLIENT_RANDOM E5E20D20AF352B0FD0D6AF02AA2EC2314E512F8706CCC00E3EDE16003593335E 0B70CB2E9B89150423B6B954111AADC6ACFFBA264889FE2988B8E77C91A78AB173BF4883CF77F1F80B0697935535D7D8
CLIENT_RANDOM 403523BD232D254CD18525C22BF70BE93098827B574F0336B989BD92A35DA02F 2406CC0334CC393FDC2C56A84208721AF06F7B2B6B6D60EA55754DB4EFC494509AC844F4ABEC491F144D6129D2706981
CLIENT_RANDOM DA0017DDA7402084FC69498DD3825424558BE23615B2767896AAE60E5FD10EB7 9D44CA9C6669CF9E206B625CFB80E7EFB6884481A39B3D69771BF0689DE8821612F4B52D8FA3DC778FE7DD88C7AE4361
CLIENT_RANDOM 301B1D59616119DDA0D463D194FA6519E2E7B498A3D98A07EB1CF43EB1349EDC 67C45829F7810DA31AAC0994BFFC6A70040348E023F9D49744B6A74638EBFCD4995BBA2B4EA37472E155C25DE407601D
CLIENT_RANDOM EDED2DBAD10839B1696F34EB1881A1ED8263B9059665EE1E5AF738E7F61B3061 4D1DC1749052F7B4754B18A2E87E640E95AF3215995D70D4BD717994B18C0BE7B35194DA254F21ED6323CEA03FFDE869
CLIENT_RANDOM B70FCFC709DD5481172EC5A2EC2DE519B93402556DC250D4B23934C244AAF508 9ABD946B7EF5EADBC14DA6E928142B51E533CFCD8735DD8AF602E3844F38A58A71AD8FF312C8E0AF3807F826A3967A53
CLIENT_RANDOM DF182105B0F990D8B39C4968A90A436B8BE504D5A8308935633BA885499ADC03 BD2B02755FA7DB3B410A98FA4CCE2E21C8DD52F5D45BA6F32F9F0EECDE11BF52995ECE492F9B82F63D6165ABE8339CB5
CLIENT_RANDOM C33166B0C32678EE3C1B4D092DE81CCA6CAD69CC9F52B9E7E304A9F5BDC85093 4CF2D1927FA670977D4715331F97D3F74276ADF783EA520EDB387AD6E313489D55A633072FC3B1CB7208431D6E9643BB
